Compiled jquery.js  (2ms)  (pid 2572)
Compiled jquery_ujs.js  (0ms)  (pid 2572)
Compiled bootstrap.js  (1ms)  (pid 2572)
Compiled bootstrap.min.js  (0ms)  (pid 2572)
Compiled users.js  (69ms)  (pid 2572)
Compiled application.js  (160ms)  (pid 2572)
Compiled bootstrap-theme.css  (0ms)  (pid 2572)
Compiled bootstrap-theme.min.css  (0ms)  (pid 2572)
Compiled bootstrap.css  (0ms)  (pid 2572)
Compiled bootstrap.min.css  (0ms)  (pid 2572)
Compiled users.css  (9ms)  (pid 2572)
Compiled application.css  (34ms)  (pid 2572)
Compiled jquery.js  (1ms)  (pid 2572)
Compiled jquery_ujs.js  (0ms)  (pid 2572)
Compiled bootstrap.js  (0ms)  (pid 2572)
Compiled bootstrap.min.js  (0ms)  (pid 2572)
Compiled users.js  (67ms)  (pid 2572)
Compiled application.js  (110ms)  (pid 2572)
Compiled bootstrap-theme.css  (0ms)  (pid 2572)
Compiled bootstrap-theme.min.css  (0ms)  (pid 2572)
Compiled bootstrap.css  (1ms)  (pid 2572)
Compiled bootstrap.min.css  (0ms)  (pid 2572)
Compiled users.css  (15ms)  (pid 2572)
Compiled application.css  (66ms)  (pid 2572)
Compiled jquery.js  (4ms)  (pid 6610)
Compiled jquery_ujs.js  (0ms)  (pid 6610)
Compiled bootstrap.js  (0ms)  (pid 6610)
Compiled bootstrap.min.js  (0ms)  (pid 6610)
Compiled users.js  (171ms)  (pid 6610)
Compiled application.js  (243ms)  (pid 6610)
Compiled bootstrap-theme.css  (0ms)  (pid 6610)
Compiled bootstrap-theme.min.css  (0ms)  (pid 6610)
Compiled bootstrap.css  (1ms)  (pid 6610)
Compiled bootstrap.min.css  (1ms)  (pid 6610)
Compiled users.css  (13ms)  (pid 6610)
Compiled application.css  (57ms)  (pid 6610)
Compiled jquery.js  (2ms)  (pid 6610)
Compiled jquery_ujs.js  (0ms)  (pid 6610)
Compiled bootstrap.js  (1ms)  (pid 6610)
Compiled bootstrap.min.js  (0ms)  (pid 6610)
Compiled users.js  (71ms)  (pid 6610)
Compiled application.js  (127ms)  (pid 6610)
Compiled bootstrap-theme.css  (0ms)  (pid 6610)
Compiled bootstrap-theme.min.css  (0ms)  (pid 6610)
Compiled bootstrap.css  (1ms)  (pid 6610)
Compiled bootstrap.min.css  (0ms)  (pid 6610)
Compiled users.css  (12ms)  (pid 6610)
Compiled application.css  (51ms)  (pid 6610)
Compiled jquery.js  (2ms)  (pid 52464)
Compiled jquery_ujs.js  (0ms)  (pid 52464)
Compiled bootstrap.js  (0ms)  (pid 52464)
Compiled bootstrap.min.js  (0ms)  (pid 52464)
Compiled users.js  (164ms)  (pid 52464)
Compiled application.js  (206ms)  (pid 52464)
Compiled bootstrap-theme.css  (0ms)  (pid 52464)
Compiled bootstrap-theme.min.css  (0ms)  (pid 52464)
Compiled bootstrap.css  (0ms)  (pid 52464)
Compiled bootstrap.min.css  (0ms)  (pid 52464)
Compiled users.css  (16ms)  (pid 52464)
Compiled application.css  (62ms)  (pid 52464)
Compiled jquery.js  (26ms)  (pid 52464)
Compiled jquery_ujs.js  (0ms)  (pid 52464)
Compiled bootstrap.js  (0ms)  (pid 52464)
Compiled bootstrap.min.js  (0ms)  (pid 52464)
Compiled users.js  (114ms)  (pid 52464)
Compiled application.js  (187ms)  (pid 52464)
Compiled bootstrap-theme.css  (0ms)  (pid 52464)
Compiled bootstrap-theme.min.css  (0ms)  (pid 52464)
Compiled bootstrap.css  (1ms)  (pid 52464)
Compiled bootstrap.min.css  (0ms)  (pid 52464)
Compiled users.css  (12ms)  (pid 52464)
Compiled application.css  (54ms)  (pid 52464)
Compiled jquery.js  (6ms)  (pid 52636)
Compiled jquery_ujs.js  (0ms)  (pid 52636)
Compiled bootstrap.js  (0ms)  (pid 52636)
Compiled bootstrap.min.js  (19ms)  (pid 52636)
Compiled users.js  (90ms)  (pid 52636)
Compiled application.js  (165ms)  (pid 52636)
Compiled bootstrap-theme.css  (0ms)  (pid 52636)
Compiled bootstrap-theme.min.css  (0ms)  (pid 52636)
Compiled bootstrap.css  (0ms)  (pid 52636)
Compiled bootstrap.min.css  (0ms)  (pid 52636)
Compiled users.css  (9ms)  (pid 52636)
Compiled application.css  (40ms)  (pid 52636)
Compiled jquery.js  (2ms)  (pid 52636)
Compiled jquery_ujs.js  (0ms)  (pid 52636)
Compiled bootstrap.js  (0ms)  (pid 52636)
Compiled bootstrap.min.js  (0ms)  (pid 52636)
Compiled users.js  (144ms)  (pid 52636)
Compiled application.js  (206ms)  (pid 52636)
Compiled bootstrap-theme.css  (0ms)  (pid 52636)
Compiled bootstrap-theme.min.css  (0ms)  (pid 52636)
Compiled bootstrap.css  (1ms)  (pid 52636)
Compiled bootstrap.min.css  (0ms)  (pid 52636)
Compiled users.css  (15ms)  (pid 52636)
Compiled application.css  (61ms)  (pid 52636)
